10-15 13:44:28.930: I/EVEDroidApp(971): >> EVEDroidApp.<init>
10-15 13:44:28.930: I/EVEDroidApp(971): .. First Time Initialization.
10-15 13:44:28.940: I/EVEDroidApp(971): << EVEDroidApp.<init>
10-15 13:44:28.940: I/EVEDroidApp(971): >> EVEDroidApp.onCreate
10-15 13:44:28.950: I/EVEDroidApp(971): << EVEDroidApp.onCreate
10-15 13:44:29.040: I/SplashActivity(971): >> SplashActivity.onCreate
10-15 13:44:31.120: I/SplashActivity(971): << SplashActivity.onCreate
10-15 13:44:31.130: I/SplashActivity(971): >> SplashActivity.onStart
10-15 13:44:31.150: I/SplashActivity(971): >> Entering SplashActivity.performLogoAnimations
10-15 13:44:31.190: I/SplashActivity(971): -- Starting logo EVE animation
10-15 13:44:31.221: I/SplashActivity(971): << Exiting SplashActivity.performLogoAnimations
10-15 13:44:31.230: I/SplashActivity(971): << SplashActivity.onStart
10-15 13:44:31.300: I/SplashActivity(971): >> EveDroidInitialization.doInBackground
10-15 13:44:31.320: I/SplashActivity(971): >> EveDroidInitialization.STEP 01. FirstTimeInit TRUE
10-15 13:44:31.700: I/SplashActivity(971): >> EveDroidInitialization.STEP 02. SDCARD available
10-15 13:44:31.810: I/SplashActivity(971): >> EveDroidInitialization.STEP 03. App Directories created
10-15 13:44:31.940: I/SplashActivity(971): >> EveDroidInitialization.STEP 04. Required files on place
10-15 13:44:38.851: I/SplashActivity(971): >> EveDroidInitialization.STEP 05. Databases open
10-15 13:44:39.122: I/ModelPersistenceHandler(971): >> UserModelPersistenceHandler.restore
10-15 13:44:43.551: I/ModelPersistenceHandler(971): << UserModelPersistencehandler.restore [true]
10-15 13:44:43.551: I/SplashActivity(971): >> EveDroidInitialization.STEP 06. Reload of user data [true]
10-15 13:44:43.562: I/SplashActivity(971): >> EveDroidInitialization.STEP 07. Checking API keys availability
10-15 13:44:43.571: I/SplashActivity(971): >> EveDroidInitialization.STEP 08. Processing Fittings information
10-15 13:44:43.601: I/SplashActivity(971): >> EveDroidInitialization.STEP 09. Load User selected theme
10-15 13:44:44.222: I/SplashActivity(971): << EveDroidInitialization.doInBackground
10-15 13:44:44.471: I/PilotListActivity(971): >> PilotListActivity.onCreate
10-15 13:44:44.471: I/DefaultPagerActivity(971): >> DefaultPagerActivity.onCreate
10-15 13:44:45.461: I/DefaultPagerActivity(971): << DefaultPagerActivity.onCreate
10-15 13:44:45.861: I/PilotListActivity(971): << PilotListActivity.onCreate
10-15 13:44:46.311: I/PageFragment(971): >> PageFragment.onCreateView
10-15 13:44:46.651: I/PageFragment(971): << PageFragment.onCreateView
10-15 13:44:46.710: I/PageFragment(971): >> PageFragment.onStart
10-15 13:44:46.881: I/PageFragment(971): << PageFragment.onStart
10-15 13:44:46.920: I/AbstractDataSource(971): >> PilotListActivity.PilotListDataSource.createContentHierarchy
10-15 13:44:48.620: I/model(971): [Property:AbstractNode.CHILD_ADDED_PROP on object:APIKeyPart [org.dimensinfin.evedroid.model.APIKey@41353318[APIKey (keyID=976524 verificationCode='lu8GM5eBWrRZvjI07VJP1ceFolaUYQiHTxU7tNXi3z8FKpiMGMR1hc0G4L32ySwQ' ] ]]
10-15 13:44:48.710: I/model(971): [Property:AbstractNode.CHILD_ADDED_PROP on object:APIKeyPart [org.dimensinfin.evedroid.model.APIKey@41353318[APIKey (keyID=976524 verificationCode='lu8GM5eBWrRZvjI07VJP1ceFolaUYQiHTxU7tNXi3z8FKpiMGMR1hc0G4L32ySwQ' ] ]]
10-15 13:44:48.730: I/model(971): [Property:AbstractNode.CHILD_ADDED_PROP on object:APIKeyPart [org.dimensinfin.evedroid.model.APIKey@41353318[APIKey (keyID=976524 verificationCode='lu8GM5eBWrRZvjI07VJP1ceFolaUYQiHTxU7tNXi3z8FKpiMGMR1hc0G4L32ySwQ' ] ]]
10-15 13:44:48.760: I/AbstractDataSource(971): << PilotListActivity.PilotListDataSource.createContentHierarchy
10-15 13:44:48.900: I/DataSourceAdapter(971): -- Getting view [0]
10-15 13:45:15.440: I/DataSourceAdapter(971): -- Getting view [1]
10-15 13:45:16.681: I/DataSourceAdapter(971): -- Getting view [2]
10-15 13:45:17.361: I/DataSourceAdapter(971): -- Getting view [3]
10-15 13:50:56.981: I/PilotInfoPart(971): >> PilotInfoPart.onClick
10-15 13:50:57.161: I/PilotInfoPart(971): << PilotInfoPart.onClick
10-15 13:50:57.321: I/DirectorsBoardActivity(971): >> DirectorsBoardActivity.onCreate
10-15 13:50:59.680: I/DirectorsBoardActivity(971): << DirectorsBoardActivity.onCreate
10-15 13:50:59.690: I/PageFragment(971): >> PageFragment.onCreateView
10-15 13:50:59.830: I/PageFragment(971): << PageFragment.onCreateView
10-15 13:50:59.841: I/ExpandableFragment(971): >> ExpandableFragment.onCreateView
10-15 13:51:00.181: I/ExpandableFragment(971): << ExpandableFragment.onCreateView
10-15 13:51:00.200: I/ExpandableFragment(971): >> ExpandableFragment.onCreateView
10-15 13:51:00.421: I/ExpandableFragment(971): << ExpandableFragment.onCreateView
10-15 13:51:00.430: I/DirectorsBoardActivity(971): >> DirectorsBoardActivity.onStart
10-15 13:51:00.530: I/DirectorsBoardActivity(971): << DirectorsBoardActivity.onStart
10-15 13:51:00.530: I/PageFragment(971): >> PageFragment.onStart
10-15 13:51:00.560: I/AbstractDataSource(971): >> PilotInfoDataSource.createHierarchy
10-15 13:51:00.570: I/AbstractDataSource(971): << PilotInfoDataSource.createHierarchy
10-15 13:51:00.690: I/PageFragment(971): << PageFragment.onStart
10-15 13:51:00.700: I/ExpandableFragment(971): >> ExpandableFragment.onStart
10-15 13:51:00.710: I/ExpandableFragment(971): << ExpandableFragment.onStart
10-15 13:51:00.710: I/ExpandableFragment(971): >> ExpandableFragment.onStart
10-15 13:51:00.730: I/AbstractDataSource(971): >> DirectorsBoardActivity.T2Mod4SellDataSource.createHierarchy
10-15 13:51:00.740: I/ExpandableFragment(971): << ExpandableFragment.onStart
10-15 13:51:00.740: I/DirectorsBoardActivity(971): >> DirectorsBoardActivity.onResume
10-15 13:51:01.700: I/AssetsDirectorActivity(971): >> AssetsDirectorActivity.checkActivation
10-15 13:51:02.030: I/AssetsManager(971): >> AssetsManager.updateLocations
10-15 13:51:02.060: I/AssetsManager(971): >> EveChar.queryT2Modules
10-15 13:51:05.001: I/AssetsManager(971): << AssetsManager.updateLocations. PT2.897S
10-15 13:51:05.110: I/AssetsDirectorActivity(971): << AssetsDirectorActivity.checkActivation [4905]
10-15 13:51:05.110: I/DirectorsBoardActivity(971): -- DirectorsBoardActivity.onResume - activated ASSETDIRECTOR
10-15 13:51:05.371: I/ndustryDirectorActivity(971): >> IndustryDirectorActivity.checkActivation
10-15 13:51:05.452: I/ndustryDirectorActivity(971): << IndustryDirectorActivity.checkActivation
10-15 13:51:05.452: I/DirectorsBoardActivity(971): -- DirectorsBoardActivity.onResume - activated ASSETDIRECTOR
10-15 13:51:06.251: I/DirectorsBoardActivity(971): << DirectorsBoardActivity.onResume
10-15 13:51:07.061: I/DataSourceAdapter(971): -- Getting view [0]
10-15 13:51:08.091: I/DataSourceAdapter(971): -- Getting view [0]
10-15 13:51:08.101: I/DataSourceAdapter(971): -- Cache found for position [0]
10-15 13:51:08.531: I/DataSourceAdapter(971): -- Getting view [0]
10-15 13:51:08.541: I/DataSourceAdapter(971): -- Cache found for position [0]
10-15 13:51:09.212: I/DataSourceAdapter(971): -- Getting view [0]
10-15 13:51:10.161: I/DataSourceAdapter(971): -- Getting view [0]
10-15 13:51:10.161: I/DataSourceAdapter(971): -- Cache found for position [0]
10-15 13:51:12.641: I/DataSourceAdapter(971): -- Getting view [0]
10-15 13:51:12.641: I/DataSourceAdapter(971): -- Cache found for position [0]
10-15 13:51:12.885: I/DataSourceAdapter(971): -- Getting view [0]
10-15 13:51:12.891: I/DataSourceAdapter(971): -- Cache found for position [0]
10-15 13:51:13.831: I/DefaultPagerActivity(971): >> DefaultPagerActivity.onSaveInstanceState

10-15 13:52:09.892: I/AssetsManager(971): ~~ Time lapse for [SELECT CATEGORY=MODULE TECH=TECH II OWNERID = 92002067] - PT67.738S
10-15 13:52:09.892: I/AssetsManager(971): << EveChar.queryT2Modules
10-15 13:52:12.321: I/MarketUpdaterService(971): -- MarketUpdaterService.searchMarketDataByID. Searching for Market Data: 1319 - SELL
10-15 13:52:16.440: I/MarketUpdaterService(971): -- MarketUpdaterService.readDiskData [done]
10-15 13:52:16.450: I/AndroidCacheConnector(971): -- AndroidCacheConnector.addMarketDataRequest. Posting market update for: Expanded Cargohold II
10-15 13:52:16.790: I/MarketUpdaterService(971): -- MarketUpdaterService.searchMarketDataByID. Searching for Market Data: 1319 - BUY
10-15 13:52:18.120: I/MarketUpdaterService(971): -- MarketUpdaterService.readDiskData [done]
10-15 13:52:18.132: I/AndroidCacheConnector(971): -- AndroidCacheConnector.addMarketDataRequest. Posting market update for: Expanded Cargohold II
10-15 13:52:20.140: I/MarketUpdaterService(971): -- MarketUpdaterService.searchMarketDataByID. Searching for Market Data: 1236 - SELL
10-15 13:52:26.821: I/MarketUpdaterService(971): -- MarketUpdaterService.readDiskData [done]
10-15 13:52:26.831: I/AndroidCacheConnector(971): -- AndroidCacheConnector.addMarketDataRequest. Posting market update for: Overdrive Injector System II
10-15 13:52:26.871: I/MarketUpdaterService(971): -- MarketUpdaterService.searchMarketDataByID. Searching for Market Data: 1236 - BUY
10-15 13:52:31.341: I/MarketUpdaterService(971): -- MarketUpdaterService.readDiskData [done]
10-15 13:52:31.431: I/AndroidCacheConnector(971): -- AndroidCacheConnector.addMarketDataRequest. Posting market update for: Overdrive Injector System II
10-15 13:52:31.842: I/MarketUpdaterService(971): -- MarketUpdaterService.searchMarketDataByID. Searching for Market Data: 11577 - SELL
10-15 13:52:36.291: I/MarketUpdaterService(971): -- MarketUpdaterService.readDiskData [done]
10-15 13:52:36.310: I/AndroidCacheConnector(971): -- AndroidCacheConnector.addMarketDataRequest. Posting market update for: Improved Cloaking Device II
10-15 13:52:36.361: I/MarketUpdaterService(971): -- MarketUpdaterService.searchMarketDataByID. Searching for Market Data: 11577 - BUY
10-15 13:52:38.320: I/MarketUpdaterService(971): -- MarketUpdaterService.readDiskData [done]
10-15 13:52:38.390: I/AndroidCacheConnector(971): -- AndroidCacheConnector.addMarketDataRequest. Posting market update for: Improved Cloaking Device II
10-15 13:52:40.920: I/MarketUpdaterService(971): -- MarketUpdaterService.searchMarketDataByID. Searching for Market Data: 28576 - SELL
10-15 13:52:41.211: I/MarketUpdaterService(971): -- MarketUpdaterService.readDiskData. [Cache not found]
10-15 13:52:41.211: I/AndroidCacheConnector(971): -- AndroidCacheConnector.addMarketDataRequest. Posting market update for: Mining Laser Upgrade II
10-15 13:52:41.550: I/AndroidCacheConnector(971): -- AndroidCacheConnector.addMarketDataRequest. Posting market update for: Mining Laser Upgrade II
10-15 13:52:41.611: I/MarketUpdaterService(971): -- MarketUpdaterService.searchMarketDataByID. Searching for Market Data: 28576 - BUY
10-15 13:52:41.960: I/MarketUpdaterService(971): -- MarketUpdaterService.readDiskData. [Cache not found]
10-15 13:52:41.990: I/AndroidCacheConnector(971): -- AndroidCacheConnector.addMarketDataRequest. Posting market update for: Mining Laser Upgrade II
10-15 13:52:42.152: I/AndroidCacheConnector(971): -- AndroidCacheConnector.addMarketDataRequest. Posting market update for: Mining Laser Upgrade II
10-15 13:52:43.812: I/MarketUpdaterService(971): -- MarketUpdaterService.searchMarketDataByID. Searching for Market Data: 2048 - SELL
10-15 13:52:51.881: I/MarketUpdaterService(971): -- MarketUpdaterService.readDiskData [done]
10-15 13:52:51.911: I/AndroidCacheConnector(971): -- AndroidCacheConnector.addMarketDataRequest. Posting market update for: Damage Control II
10-15 13:52:52.071: I/MarketUpdaterService(971): -- MarketUpdaterService.searchMarketDataByID. Searching for Market Data: 2048 - BUY
10-15 13:52:55.560: I/MarketUpdaterService(971): -- MarketUpdaterService.readDiskData [done]
10-15 13:52:55.880: I/AndroidCacheConnector(971): -- AndroidCacheConnector.addMarketDataRequest. Posting market update for: Damage Control II
10-15 13:52:55.901: I/MarketUpdaterService(971): -- MarketUpdaterService.searchMarketDataByID. Searching for Market Data: 11648 - SELL
10-15 13:52:56.210: I/MarketUpdaterService(971): -- MarketUpdaterService.readDiskData. [Cache not found]
10-15 13:52:56.290: I/AndroidCacheConnector(971): -- AndroidCacheConnector.addMarketDataRequest. Posting market update for: Armor Thermic Hardener II
10-15 13:52:56.590: I/AndroidCacheConnector(971): -- AndroidCacheConnector.addMarketDataRequest. Posting market update for: Armor Thermic Hardener II
10-15 13:52:56.720: I/MarketUpdaterService(971): -- MarketUpdaterService.searchMarketDataByID. Searching for Market Data: 11648 - BUY
10-15 13:52:56.910: I/MarketUpdaterService(971): -- MarketUpdaterService.readDiskData. [Cache not found]
10-15 13:52:57.010: I/AndroidCacheConnector(971): -- AndroidCacheConnector.addMarketDataRequest. Posting market update for: Armor Thermic Hardener II
10-15 13:52:57.161: I/AndroidCacheConnector(971): -- AndroidCacheConnector.addMarketDataRequest. Posting market update for: Armor Thermic Hardener II
10-15 13:52:57.233: I/MarketUpdaterService(971): -- MarketUpdaterService.searchMarketDataByID. Searching for Market Data: 26913 - SELL
10-15 13:53:00.411: I/MarketUpdaterService(971): -- MarketUpdaterService.readDiskData [done]
10-15 13:53:00.421: I/AndroidCacheConnector(971): -- AndroidCacheConnector.addMarketDataRequest. Posting market update for: Medium Remote Armor Repairer II
10-15 13:53:00.601: I/MarketUpdaterService(971): -- MarketUpdaterService.searchMarketDataByID. Searching for Market Data: 26913 - BUY
10-15 13:53:03.671: I/MarketUpdaterService(971): -- MarketUpdaterService.readDiskData [done]
10-15 13:53:03.721: I/AndroidCacheConnector(971): -- AndroidCacheConnector.addMarketDataRequest. Posting market update for: Medium Remote Armor Repairer II
10-15 13:53:04.131: I/MarketUpdaterService(971): -- MarketUpdaterService.searchMarketDataByID. Searching for Market Data: 1999 - SELL
10-15 13:53:04.601: I/MarketUpdaterService(971): -- MarketUpdaterService.readDiskData. [Cache not found]
10-15 13:53:04.601: I/AndroidCacheConnector(971): -- AndroidCacheConnector.addMarketDataRequest. Posting market update for: Tracking Enhancer II
10-15 13:53:04.721: I/AndroidCacheConnector(971): -- AndroidCacheConnector.addMarketDataRequest. Posting market update for: Tracking Enhancer II
10-15 13:53:04.761: I/MarketUpdaterService(971): -- MarketUpdaterService.searchMarketDataByID. Searching for Market Data: 1999 - BUY
10-15 13:53:05.191: I/MarketUpdaterService(971): -- MarketUpdaterService.readDiskData. [Cache not found]
10-15 13:53:05.222: I/AndroidCacheConnector(971): -- AndroidCacheConnector.addMarketDataRequest. Posting market update for: Tracking Enhancer II
10-15 13:53:05.351: I/AndroidCacheConnector(971): -- AndroidCacheConnector.addMarketDataRequest. Posting market update for: Tracking Enhancer II
10-15 13:53:05.571: I/MarketUpdaterService(971): -- MarketUpdaterService.searchMarketDataByID. Searching for Market Data: 11646 - SELL
10-15 13:53:12.953: I/MarketUpdaterService(971): -- MarketUpdaterService.readDiskData [done]
10-15 13:53:13.062: I/AndroidCacheConnector(971): -- AndroidCacheConnector.addMarketDataRequest. Posting market update for: Armor Explosive Hardener II
10-15 13:53:13.460: I/MarketUpdaterService(971): -- MarketUpdaterService.searchMarketDataByID. Searching for Market Data: 11646 - BUY
10-15 13:53:15.632: I/MarketUpdaterService(971): -- MarketUpdaterService.readDiskData [done]
10-15 13:53:15.720: I/AndroidCacheConnector(971): -- AndroidCacheConnector.addMarketDataRequest. Posting market update for: Armor Explosive Hardener II
10-15 13:53:15.761: I/MarketUpdaterService(971): -- MarketUpdaterService.searchMarketDataByID. Searching for Market Data: 12058 - SELL
10-15 13:53:20.690: I/MarketUpdaterService(971): -- MarketUpdaterService.readDiskData [done]
10-15 13:53:20.882: I/AndroidCacheConnector(971): -- AndroidCacheConnector.addMarketDataRequest. Posting market update for: 10MN Afterburner II
10-15 13:53:21.151: I/MarketUpdaterService(971): -- MarketUpdaterService.searchMarketDataByID. Searching for Market Data: 12058 - BUY
10-15 13:53:21.530: I/MarketUpdaterService(971): -- MarketUpdaterService.readDiskData. [Cache not found]
10-15 13:53:21.530: I/AndroidCacheConnector(971): -- AndroidCacheConnector.addMarketDataRequest. Posting market update for: 10MN Afterburner II
10-15 13:53:21.662: I/AndroidCacheConnector(971): -- AndroidCacheConnector.addMarketDataRequest. Posting market update for: 10MN Afterburner II
10-15 13:53:22.711: I/MarketUpdaterService(971): -- MarketUpdaterService.searchMarketDataByID. Searching for Market Data: 1405 - SELL
10-15 13:53:26.941: I/MarketUpdaterService(971): -- MarketUpdaterService.readDiskData [done]
10-15 13:53:26.950: I/AndroidCacheConnector(971): -- AndroidCacheConnector.addMarketDataRequest. Posting market update for: Inertia Stabilizers II
10-15 13:53:27.011: I/MarketUpdaterService(971): -- MarketUpdaterService.searchMarketDataByID. Searching for Market Data: 1405 - BUY
10-15 13:53:31.184: I/MarketUpdaterService(971): -- MarketUpdaterService.readDiskData [done]
10-15 13:53:31.271: I/AndroidCacheConnector(971): -- AndroidCacheConnector.addMarketDataRequest. Posting market update for: Inertia Stabilizers II
10-15 13:53:31.660: I/MarketUpdaterService(971): -- MarketUpdaterService.searchMarketDataByID. Searching for Market Data: 1306 - SELL
10-15 13:53:31.741: I/MarketUpdaterService(971): -- MarketUpdaterService.readDiskData. [Cache not found]
10-15 13:53:31.831: I/AndroidCacheConnector(971): -- AndroidCacheConnector.addMarketDataRequest. Posting market update for: Adaptive Nano Plating II
10-15 13:53:31.953: I/AndroidCacheConnector(971): -- AndroidCacheConnector.addMarketDataRequest. Posting market update for: Adaptive Nano Plating II
10-15 13:53:32.041: I/MarketUpdaterService(971): -- MarketUpdaterService.searchMarketDataByID. Searching for Market Data: 1306 - BUY
10-15 13:53:32.241: I/MarketUpdaterService(971): -- MarketUpdaterService.readDiskData. [Cache not found]
10-15 13:53:32.271: I/AndroidCacheConnector(971): -- AndroidCacheConnector.addMarketDataRequest. Posting market update for: Adaptive Nano Plating II
10-15 13:53:32.411: I/AndroidCacheConnector(971): -- AndroidCacheConnector.addMarketDataRequest. Posting market update for: Adaptive Nano Plating II
10-15 13:53:32.561: I/MarketUpdaterService(971): -- MarketUpdaterService.searchMarketDataByID. Searching for Market Data: 1422 - SELL
10-15 13:53:33.640: I/MarketUpdaterService(971): -- MarketUpdaterService.readDiskData [done]
10-15 13:53:33.650: I/AndroidCacheConnector(971): -- AndroidCacheConnector.addMarketDataRequest. Posting market update for: Shield Power Relay II
10-15 13:53:33.690: I/MarketUpdaterService(971): -- MarketUpdaterService.searchMarketDataByID. Searching for Market Data: 1422 - BUY
10-15 13:53:35.620: I/MarketUpdaterService(971): -- MarketUpdaterService.readDiskData [done]
10-15 13:53:35.660: I/AndroidCacheConnector(971): -- AndroidCacheConnector.addMarketDataRequest. Posting market update for: Shield Power Relay II
10-15 13:53:36.141: I/MarketUpdaterService(971): -- MarketUpdaterService.searchMarketDataByID. Searching for Market Data: 2605 - SELL
10-15 13:53:42.961: I/MarketUpdaterService(971): -- MarketUpdaterService.readDiskData [done]
10-15 13:53:43.212: I/AndroidCacheConnector(971): -- AndroidCacheConnector.addMarketDataRequest. Posting market update for: Nanofiber Internal Structure II
10-15 13:53:43.502: I/MarketUpdaterService(971): -- MarketUpdaterService.searchMarketDataByID. Searching for Market Data: 2605 - BUY
10-15 13:53:46.151: I/MarketUpdaterService(971): -- MarketUpdaterService.readDiskData [done]
10-15 13:53:46.391: I/AndroidCacheConnector(971): -- AndroidCacheConnector.addMarketDataRequest. Posting market update for: Nanofiber Internal Structure II
10-15 13:53:46.571: I/MarketUpdaterService(971): -- MarketUpdaterService.searchMarketDataByID. Searching for Market Data: 3841 - SELL
10-15 13:53:51.161: I/MarketUpdaterService(971): -- MarketUpdaterService.readDiskData [done]
10-15 13:53:51.411: I/AndroidCacheConnector(971): -- AndroidCacheConnector.addMarketDataRequest. Posting market update for: Large Shield Extender II
10-15 13:53:51.691: I/MarketUpdaterService(971): -- MarketUpdaterService.searchMarketDataByID. Searching for Market Data: 3841 - BUY
10-15 13:53:54.060: I/MarketUpdaterService(971): -- MarketUpdaterService.readDiskData [done]
10-15 13:53:54.381: I/AndroidCacheConnector(971): -- AndroidCacheConnector.addMarketDataRequest. Posting market update for: Large Shield Extender II
10-15 13:53:54.471: I/MarketUpdaterService(971): -- MarketUpdaterService.searchMarketDataByID. Searching for Market Data: 2032 - SELL
10-15 13:53:57.470: I/MarketUpdaterService(971): -- MarketUpdaterService.readDiskData [done]
10-15 13:53:57.612: I/AndroidCacheConnector(971): -- AndroidCacheConnector.addMarketDataRequest. Posting market update for: Cap Recharger II
10-15 13:53:57.710: I/MarketUpdaterService(971): -- MarketUpdaterService.searchMarketDataByID. Searching for Market Data: 2032 - BUY
10-15 13:54:01.871: I/MarketUpdaterService(971): -- MarketUpdaterService.readDiskData [done]
10-15 13:54:02.061: I/AndroidCacheConnector(971): -- AndroidCacheConnector.addMarketDataRequest. Posting market update for: Cap Recharger II
10-15 13:54:03.191: I/MarketUpdaterService(971): -- MarketUpdaterService.searchMarketDataByID. Searching for Market Data: 22291 - SELL
10-15 13:54:09.293: I/MarketUpdaterService(971): -- MarketUpdaterService.readDiskData [done]
10-15 13:54:09.411: I/AndroidCacheConnector(971): -- AndroidCacheConnector.addMarketDataRequest. Posting market update for: Ballistic Control System II
10-15 13:54:09.691: I/MarketUpdaterService(971): -- MarketUpdaterService.searchMarketDataByID. Searching for Market Data: 22291 - BUY
10-15 13:54:13.380: I/MarketUpdaterService(971): -- MarketUpdaterService.readDiskData [done]
10-15 13:54:13.570: I/AndroidCacheConnector(971): -- AndroidCacheConnector.addMarketDataRequest. Posting market update for: Ballistic Control System II
10-15 13:54:15.190: I/MarketUpdaterService(971): -- MarketUpdaterService.searchMarketDataByID. Searching for Market Data: 4250 - SELL
10-15 13:54:15.590: I/MarketUpdaterService(971): -- MarketUpdaterService.readDiskData. [Cache not found]
10-15 13:54:15.612: I/AndroidCacheConnector(971): -- AndroidCacheConnector.addMarketDataRequest. Posting market update for: Small Tractor Beam II
10-15 13:54:15.820: I/AndroidCacheConnector(971): -- AndroidCacheConnector.addMarketDataRequest. Posting market update for: Small Tractor Beam II
10-15 13:54:15.902: I/MarketUpdaterService(971): -- MarketUpdaterService.searchMarketDataByID. Searching for Market Data: 4250 - BUY
10-15 13:54:16.160: I/MarketUpdaterService(971): -- MarketUpdaterService.readDiskData. [Cache not found]
10-15 13:54:16.251: I/AndroidCacheConnector(971): -- AndroidCacheConnector.addMarketDataRequest. Posting market update for: Small Tractor Beam II
10-15 13:54:16.360: I/AndroidCacheConnector(971): -- AndroidCacheConnector.addMarketDataRequest. Posting market update for: Small Tractor Beam II
10-15 13:54:16.421: I/MarketUpdaterService(971): -- MarketUpdaterService.searchMarketDataByID. Searching for Market Data: 11640 - SELL
10-15 13:54:16.580: I/MarketUpdaterService(971): -- MarketUpdaterService.readDiskData. [Cache not found]
10-15 13:54:16.590: I/AndroidCacheConnector(971): -- AndroidCacheConnector.addMarketDataRequest. Posting market update for: Warp Core Stabilizer II
10-15 13:54:16.791: I/AndroidCacheConnector(971): -- AndroidCacheConnector.addMarketDataRequest. Posting market update for: Warp Core Stabilizer II
10-15 13:54:17.061: I/MarketUpdaterService(971): -- MarketUpdaterService.searchMarketDataByID. Searching for Market Data: 11640 - BUY
10-15 13:54:17.111: I/MarketUpdaterService(971): -- MarketUpdaterService.readDiskData. [Cache not found]
10-15 13:54:17.111: I/AndroidCacheConnector(971): -- AndroidCacheConnector.addMarketDataRequest. Posting market update for: Warp Core Stabilizer II
10-15 13:54:17.140: I/AndroidCacheConnector(971): -- AndroidCacheConnector.addMarketDataRequest. Posting market update for: Warp Core Stabilizer II
10-15 13:54:17.300: I/MarketUpdaterService(971): -- MarketUpdaterService.searchMarketDataByID. Searching for Market Data: 11642 - SELL
10-15 13:54:18.480: I/MarketUpdaterService(971): -- MarketUpdaterService.readDiskData [done]
10-15 13:54:18.490: I/AndroidCacheConnector(971): -- AndroidCacheConnector.addMarketDataRequest. Posting market update for: Armor EM Hardener II
10-15 13:54:18.690: I/MarketUpdaterService(971): -- MarketUpdaterService.searchMarketDataByID. Searching for Market Data: 11642 - BUY
10-15 13:54:25.461: I/MarketUpdaterService(971): -- MarketUpdaterService.readDiskData [done]
10-15 13:54:25.769: I/AndroidCacheConnector(971): -- AndroidCacheConnector.addMarketDataRequest. Posting market update for: Armor EM Hardener II
10-15 13:54:29.311: I/MarketUpdaterService(971): -- MarketUpdaterService.searchMarketDataByID. Searching for Market Data: 2969 - SELL
10-15 13:54:32.420: I/MarketUpdaterService(971): -- MarketUpdaterService.readDiskData [done]
10-15 13:54:32.550: I/AndroidCacheConnector(971): -- AndroidCacheConnector.addMarketDataRequest. Posting market update for: 720mm Howitzer Artillery II
10-15 13:54:32.950: I/MarketUpdaterService(971): -- MarketUpdaterService.searchMarketDataByID. Searching for Market Data: 2969 - BUY
10-15 13:54:35.010: I/MarketUpdaterService(971): -- MarketUpdaterService.readDiskData [done]
10-15 13:54:35.020: I/AndroidCacheConnector(971): -- AndroidCacheConnector.addMarketDataRequest. Posting market update for: 720mm Howitzer Artillery II
10-15 13:54:35.420: I/MarketUpdaterService(971): -- MarketUpdaterService.searchMarketDataByID. Searching for Market Data: 2937 - SELL
10-15 13:54:35.700: I/MarketUpdaterService(971): -- MarketUpdaterService.readDiskData. [Cache not found]
10-15 13:54:35.700: I/AndroidCacheConnector(971): -- AndroidCacheConnector.addMarketDataRequest. Posting market update for: Dual 180mm AutoCannon II
10-15 13:54:36.030: I/AndroidCacheConnector(971): -- AndroidCacheConnector.addMarketDataRequest. Posting market update for: Dual 180mm AutoCannon II
10-15 13:54:36.270: I/MarketUpdaterService(971): -- MarketUpdaterService.searchMarketDataByID. Searching for Market Data: 2937 - BUY
10-15 13:54:36.440: I/MarketUpdaterService(971): -- MarketUpdaterService.readDiskData. [Cache not found]
10-15 13:54:36.451: I/AndroidCacheConnector(971): -- AndroidCacheConnector.addMarketDataRequest. Posting market update for: Dual 180mm AutoCannon II
10-15 13:54:36.470: I/AndroidCacheConnector(971): -- AndroidCacheConnector.addMarketDataRequest. Posting market update for: Dual 180mm AutoCannon II
10-15 13:54:36.510: I/AbstractDataSource(971): << DirectorsBoardActivity.T2Mod4SellDataSource.createHierarchy
10-15 13:54:36.730: I/DataSourceAdapter(971): -- Getting view [0]
10-15 13:54:36.740: I/DataSourceAdapter(971): -- Cache found for position [0]
10-15 13:54:36.880: I/AbstractDataSource(971): >> DirectorsBoardActivity.ShipsDataSource.createContentHierarchy
10-15 13:54:36.990: I/DataSourceAdapter(971): -- Getting view [0]
10-15 13:54:37.002: I/DataSourceAdapter(971): -- Cache found for position [0]
10-15 13:54:41.731: I/AbstractDataSource(971): << DirectorsBoardActivity.ShipsDataSource.createContentHierarchy
10-15 13:54:42.011: I/DataSourceAdapter(971): -- Getting view [0]
10-15 13:54:42.011: I/DataSourceAdapter(971): -- Cache found for position [0]
10-15 13:54:42.221: I/DataSourceAdapter(971): -- Getting view [0]
10-15 13:54:42.221: I/DataSourceAdapter(971): -- Cache found for position [0]

10-15 14:02:36.140: I/ndustryDirectorActivity(971): >> IndustryDirectorActivity.onCreate
10-15 14:02:42.960: I/DefaultPagerActivity(971): >> DefaultPagerActivity.onCreate
10-15 14:02:44.501: I/DefaultPagerActivity(971): << DefaultPagerActivity.onCreate
10-15 14:05:17.201: I/ModelPersistenceHandler(971): >> UserModelPersistenceHandler.restore
10-15 14:05:18.130: I/ModelPersistenceHandler(971): << UserModelPersistencehandler.restore [true]
10-15 14:07:20.554: I/ndustryDirectorActivity(971): << IndustryDirectorActivity.onCreate
10-15 14:07:21.141: I/PageFragment(971): >> PageFragment.onCreateView
10-15 14:07:21.261: I/PageFragment(971): << PageFragment.onCreateView
10-15 14:07:21.292: I/PageFragment(971): >> PageFragment.onStart
10-15 14:07:21.311: I/AbstractDataSource(971): >> IndustryT2Blueprints.createHierarchy
10-15 14:07:21.485: I/PageFragment(971): << PageFragment.onStart
